-32 0 int
STARTPROGRAM -1 keyword
VARIABLES -1 keyword
: -1 keyword
n 1 identifier
: -1 keyword
int -1 keyword
; -1 keyword
fact 2 identifier
: -1 keyword
int -1 keyword
; -1 keyword
BEGIN -1 keyword
WRITE -1 keyword
( -1 keyword
"Enter a number:" 3 string
) -1 keyword
; -1 keyword
READ -1 keyword
( -1 keyword
n 1 identifier
) -1 keyword
; -1 keyword
fact 2 identifier
= -1 keyword
1 4 int
; -1 keyword
WHILE -1 keyword
n 1 identifier
> -1 keyword
1 4 int
DO -1 keyword
BEGIN -1 keyword
fact 2 identifier
= -1 keyword
fact 2 identifier
* -1 keyword
n 1 identifier
; -1 keyword
n 1 identifier
= -1 keyword
n 1 identifier
- -1 keyword
1 4 int
; -1 keyword
END -1 keyword
; -1 keyword
WRITE -1 keyword
( -1 keyword
"Factorial is: " 5 string
) -1 keyword
; -1 keyword
WRITE -1 keyword
( -1 keyword
fact 2 identifier
) -1 keyword
; -1 keyword
END -1 keyword
ENDPROGRAM -1 keyword
; -1 keyword
